make all --print-data-base --no-builtin-variables --no-builtin-rules --question
# GNU Make 3.81
# Copyright (C) 2006  Free Software Foundation, Inc.
# This is free software; see the source for copying conditions.
# There is NO warranty; not even for MERCHANTABILITY or FITNESS FOR A
# PARTICULAR PURPOSE.

# This program built for i386-apple-darwin11.3.0

# Make data base, printed on Sun Jun 26 11:50:03 2022

# Variables

# automatic
<D = $(patsubst %/,%,$(dir $<))
# automatic
?F = $(notdir $?)
# makefile (from `Makefile', line 7)
OBJ := obj/as_frontend.o obj/ast.o obj/compiler.o obj/compiler_errors.o obj/io.o obj/lexer.o obj/list.o obj/parser.o obj/stack_frame.o obj/tac.o obj/token.o obj/type.o obj/utils.o obj/visitor.o
# makefile (from `Makefile', line 6)
SRC := src/as_frontend.c src/ast.c src/compiler.c src/compiler_errors.c src/io.c src/lexer.c src/list.c src/parser.c src/stack_frame.c src/tac.c src/token.c src/type.c src/utils.c src/visitor.c
# environment
VSCODE_LOG_NATIVE = false
# automatic
?D = $(patsubst %/,%,$(dir $?))
# makefile (from `Makefile', line 9)
CPPFLAGS := -Iinclude -MMD -MP
# automatic
@D = $(patsubst %/,%,$(dir $@))
# makefile (from `Makefile', line 5)
EXE := compiler
# automatic
@F = $(notdir $@)
# makefile
CURDIR := /Users/matt/Documents/GitHub/Compiler
# makefile
SHELL = /bin/sh
# environment
VSCODE_NLS_CONFIG = {"locale":"en-us","availableLanguages":{},"_languagePackSupport":true}
# environment
_ = /usr/bin/make
# makefile (from `Makefile', line 10)
CFLAGS := -Wall -g
# makefile (from `obj/visitor.d', line 1)
MAKEFILE_LIST :=  Makefile obj/as_frontend.d obj/ast.d obj/compiler.d obj/compiler_errors.d obj/io.d obj/lexer.d obj/list.d obj/parser.d obj/stack_frame.d obj/tac.d obj/token.d obj/type.d obj/utils.d obj/visitor.d
# makefile (from `Makefile', line 2)
OBJ_DIR := obj
# environment
VSCODE_VERBOSE_LOGGING = true
# environment
__CFBundleIdentifier = com.microsoft.VSCode
# environment
VSCODE_IPC_HOOK_EXTHOST = /var/folders/vm/q8gtcqz55dd1c3hk03q89nzw0000gn/T/vscode-ipc-329eee6e-7a80-4f8c-96fb-0321679abc1c.sock
# environment
VSCODE_CWD = /
# environment
PATH = /usr/bin:/bin:/usr/sbin:/sbin
# environment
VSCODE_LOG_STACK = false
# environment
ELECTRON_RUN_AS_NODE = 1
# default
.FEATURES := target-specific order-only second-expansion else-if archives jobserver check-symlink
# environment
SSH_AUTH_SOCK = /private/tmp/com.apple.launchd.ayd32OKXWa/Listeners
# automatic
%F = $(notdir $%)
# environment
DISPLAY = /private/tmp/com.apple.launchd.WnM7cKeGWH/org.xquartz:0
# environment
VSCODE_PIPE_LOGGING = true
# environment
PWD = /Users/matt/Documents/GitHub/Compiler
# environment
ORIGINAL_XDG_CURRENT_DESKTOP = undefined
# environment
VSCODE_AMD_ENTRYPOINT = vs/workbench/api/node/extensionHostProcess
# environment
HOME = /Users/matt
# default
MAKEFILEPATH := /Applications/Xcode.app/Contents/Developer/Makefiles
# environment
VSCODE_CODE_CACHE_PATH = /Users/matt/Library/Application Support/Code/CachedData/c3511e6c69bb39013c4a4b7b9566ec1ca73fc4d5
# environment
LOGNAME = matt
# environment
APPLICATION_INSIGHTS_NO_DIAGNOSTIC_CHANNEL = 1
# environment
VSCODE_HANDLES_UNCAUGHT_ERRORS = true
# automatic
^D = $(patsubst %/,%,$(dir $^))
# environment
XPC_FLAGS = 0x0
# default
MAKE = $(MAKE_COMMAND)
# default
MAKECMDGOALS := all
# environment
SHLVL = 1
# default
MAKE_VERSION := 3.81
# environment
USER = matt
# makefile
.DEFAULT_GOAL := all
# automatic
%D = $(patsubst %/,%,$(dir $%))
# default
MAKE_COMMAND := /Applications/Xcode.app/Contents/Developer/usr/bin/make
# default
.VARIABLES := 
# environment
TMPDIR = /var/folders/vm/q8gtcqz55dd1c3hk03q89nzw0000gn/T/
# automatic
*F = $(notdir $*)
# environment
VSCODE_IPC_HOOK = /Users/matt/Library/Application Support/Code/1.67.2-main.sock
# makefile
MAKEFLAGS = Rrqp
# environment
MFLAGS = -Rrqp
# automatic
*D = $(patsubst %/,%,$(dir $*))
# environment
XPC_SERVICE_NAME = application.com.microsoft.VSCode.49741001.49741009
# automatic
+D = $(patsubst %/,%,$(dir $+))
# automatic
+F = $(notdir $+)
# environment
__CF_USER_TEXT_ENCODING = 0x1F5:0x0:0x0
# environment
COMMAND_MODE = unix2003
# default
MAKEFILES := 
# makefile (from `Makefile', line 1)
SRC_DIR := src
# automatic
<F = $(notdir $<)
# environment
LC_ALL = C
# automatic
^F = $(notdir $^)
# default
SUFFIXES := 
# default
.INCLUDE_DIRS = /usr/local/include
# environment
MAKELEVEL := 0
# environment
LANG = C
# environment
VSCODE_PID = 86378
# variable set hash-table stats:
# Load=70/1024=7%, Rehash=0, Collisions=4/139=3%

# Pattern-specific Variable Values

# No pattern-specific variable values.

# Directories

# . (device 16777232, inode 51710030): 19 files, no impossibilities.
# src (device 16777232, inode 51970953): 16 files, no impossibilities.

# 35 files, no impossibilities in 2 directories.

# Implicit Rules

obj/%.o: src/%.c | obj
#  commands to execute (from `Makefile', line 21):
	$(CC) $(CPPFLAGS) $(CFLAGS) -c $< -o $@
	

# 1 implicit rules, 0 (0.0%) terminal.

# Files

include/macros.h:
#  Implicit rule search has been done.
#  Last modified 2021-12-17 20:56:52
#  File has been updated.
#  Successfully updated.
# variable set hash-table stats:
# Load=0/32=0%, Rehash=0, Collisions=0/0=0%

# Not a target:
obj/lexer.d:
#  A default, MAKEFILES, or -include/sinclude makefile.
#  Implicit rule search has been done.
#  Last modified 2021-12-31 09:00:01
#  File has been updated.
#  Successfully updated.
# variable set hash-table stats:
# Load=0/32=0%, Rehash=0, Collisions=0/0=0%

include/parser.h:
#  Implicit rule search has not been done.
#  Modification time never checked.
#  File has not been updated.

include/asm/bootstrap.h:
#  Implicit rule search has been done.
#  Last modified 2021-02-14 09:43:09
#  File has been updated.
#  Successfully updated.
# variable set hash-table stats:
# Load=0/32=0%, Rehash=0, Collisions=0/0=0%

include/as_frontend.h:
#  Implicit rule search has been done.
#  Last modified 2021-12-18 09:18:42
#  File has been updated.
#  Successfully updated.
# variable set hash-table stats:
# Load=0/32=0%, Rehash=0, Collisions=0/0=0%

# Not a target:
src/compiler.c:
#  Implicit rule search has not been done.
#  Modification time never checked.
#  File has not been updated.

obj/io.o: src/io.c include/io.h
#  Implicit rule search has not been done.
#  Modification time never checked.
#  File has not been updated.

# Not a target:
src/as_frontend.c:
#  Implicit rule search has been done.
#  Last modified 2022-01-01 16:43:59
#  File has been updated.
#  Successfully updated.
# variable set hash-table stats:
# Load=0/32=0%, Rehash=0, Collisions=0/0=0%

include/asm/mul.h:
#  Implicit rule search has been done.
#  Last modified 2021-02-14 09:43:09
#  File has been updated.
#  Successfully updated.
# variable set hash-table stats:
# Load=0/32=0%, Rehash=0, Collisions=0/0=0%

include/asm/sub.h:
#  Implicit rule search has been done.
#  Last modified 2021-02-14 09:43:09
#  File has been updated.
#  Successfully updated.
# variable set hash-table stats:
# Load=0/32=0%, Rehash=0, Collisions=0/0=0%

obj/parser.o: src/parser.c include/parser.h include/lexer.h include/token.h include/ast.h include/list.h include/stack_frame.h include/types.h include/utils.h
#  Implicit rule search has not been done.
#  Modification time never checked.
#  File has not been updated.

obj/tac.o: src/tac.c include/tac.h include/lexer.h include/token.h include/parser.h include/ast.h include/list.h include/stack_frame.h include/types.h include/io.h include/visitor.h include/as_frontend.h
#  Implicit rule search has not been done.
#  Modification time never checked.
#  File has not been updated.

include/asm/templates/assign_binop.h:
#  Implicit rule search has been done.
#  Last modified 2021-02-14 09:43:09
#  File has been updated.
#  Successfully updated.
# variable set hash-table stats:
# Load=0/32=0%, Rehash=0, Collisions=0/0=0%

all: compiler
#  Phony target (prerequisite of .PHONY).
#  Command-line target.
#  Implicit rule search has not been done.
#  File does not exist.
#  File has been updated.
#  Needs to be updated (-q is set).
# variable set hash-table stats:
# Load=0/32=0%, Rehash=0, Collisions=0/5=0%

include/visitor.h:
#  Implicit rule search has not been done.
#  Modification time never checked.
 
#  File has not been updated.

# Not a target:
src/visitor.c:
#  Implicit rule search has not been done.
#  Modification time never checked.
#  File has not been updated.

.PHONY: all clean
#  Implicit rule search has not been done.
#  Modification time never checked.
#  File has not been updated.

# Not a target:
src/type.c:
#  Implicit rule search has not been done.
#  Modification time never checked.
#  File has not been updated.

obj/list.o: src/list.c include/list.h
#  Implicit rule search has not been done.
#  Modification time never checked.
#  File has not been updated.

include/compiler_errors.h:
#  Implicit rule search has not been done.
#  Modification time never checked.
#  File has not been updated.

# Not a target:
src/compiler_errors.c:
#  Implicit rule search has not been done.
#  Modification time never checked.
#  File has not been updated.

obj/ast.o: src/ast.c include/ast.h include/list.h include/stack_frame.h include/types.h
#  Implicit rule search has not been done.
#  Modification time never checked.
#  File has not been updated.

# Not a target:
.SUFFIXES:
#  Implicit rule search has not been done.
#  Modification time never checked.
#  File has not been updated.

# Not a target:
Makefile:
#  Implicit rule search has been done.
#  Last modified 2021-12-19 18:19:44
#  File has been updated.
#  Successfully updated.
# variable set hash-table stats:
# Load=0/32=0%, Rehash=0, Collisions=0/0=0%

include/io.h:
#  Implicit rule search has not been done.
#  Modification time never checked.
#  File has not been updated.

# Not a target:
src/io.c:
#  Implicit rule search has not been done.
#  Modification time never checked.
#  File has not been updated.

obj/lexer.o: src/lexer.c include/lexer.h include/token.h include/utils.h include/list.h include/macros.h
#  Implicit rule search has not been done.
#  Modification time never checked.
#  File has not been updated.

# Not a target:
src/parser.c:
#  Implicit rule search has not been done.
#  Modification time never checked.
#  File has not been updated.

# Not a target:
obj/token.d:
#  A default, MAKEFILES, or -include/sinclude makefile.
#  Implicit rule search has been done.
#  Last modified 2021-12-31 09:00:01
#  File has been updated.
#  Successfully updated.
# variable set hash-table stats:
# Load=0/32=0%, Rehash=0, Collisions=0/0=0%

include/asm/templates/function_begin.h:
#  Implicit rule search has been done.
#  Last modified 2021-02-14 09:43:09
#  File has been updated.
#  Successfully updated.
# variable set hash-table stats:
# Load=0/32=0%, Rehash=0, Collisions=0/0=0%

# Not a target:
obj/stack_frame.d:
#  A default, MAKEFILES, or -include/sinclude makefile.
#  Implicit rule search has been done.
#  Last modified 2021-12-31 09:00:01
#  File has been updated.
#  Successfully updated.
# variable set hash-table stats:
# Load=0/32=0%, Rehash=0, Collisions=0/0=0%

# Not a target:
obj/utils.d:
#  A default, MAKEFILES, or -include/sinclude makefile.
#  Implicit rule search has been done.
#  Last modified 2021-12-31 09:00:01
#  File has been updated.
#  Successfully updated.
# variable set hash-table stats:
# Load=0/32=0%, Rehash=0, Collisions=0/0=0%

include/list.h:
#  Implicit rule search has been done.
#  Last modified 2021-12-18 08:40:15
#  File has been updated.
#  Successfully updated.
# variable set hash-table stats:
# Load=0/32=0%, Rehash=0, Collisions=0/0=0%

# Not a target:
src/list.c:
#  Implicit rule search has not been done.
#  Modification time never checked.
#  File has not been updated.

include/ast.h:
#  Implicit rule search has been done.
#  Last modified 2021-12-18 09:13:08
#  File has been updated.
#  Successfully updated.
# variable set hash-table stats:
# Load=0/32=0%, Rehash=0, Collisions=0/0=0%

# Not a target:
src/ast.c:
#  Implicit rule search has not been done.
#  Modification time never checked.
#  File has not been updated.

include/asm/templates/assign_default.h:
#  Implicit rule search has been done.
#  Last modified 2021-02-14 09:43:09
#  File has been updated.
#  Successfully updated.
# variable set hash-table stats:
# Load=0/32=0%, Rehash=0, Collisions=0/0=0%

include/asm/templates/int.h:
#  Implicit rule search has been done.
#  Last modified 2021-02-14 09:43:09
#  File has been updated.
#  Successfully updated.
# variable set hash-table stats:
# Load=0/32=0%, Rehash=0, Collisions=0/0=0%

# Not a target:
obj/compiler.d:
#  A default, MAKEFILES, or -include/sinclude makefile.
#  Implicit rule search has been done.
#  Last modified 2021-12-31 09:00:00
#  File has been updated.
#  Successfully updated.
# variable set hash-table stats:
# Load=0/32=0%, Rehash=0, Collisions=0/0=0%

# Not a target:
obj/as_frontend.d:
#  A default, MAKEFILES, or -include/sinclude makefile.
#  Implicit rule search has been done.
#  Last modified 2021-12-31 09:00:00
#  File has been updated.
#  Successfully updated.
# variable set hash-table stats:
# Load=0/32=0%, Rehash=0, Collisions=0/0=0%

include/tac.h:
#  Implicit rule search has not been done.
#  Modification time never checked.
#  File has not been updated.

# Not a target:
src/tac.c:
#  Implicit rule search has not been done.
#  Modification time never checked.
#  File has not been updated.

obj:
#  Implicit rule search has not been done.
#  Last modified 2021-12-31 09:00:01
#  File has been updated.
#  Successfully updated.
#  commands to execute (from `Makefile', line 24):
	mkdir -p $@
	

include/asm/templates/assign_call.h:
#  Implicit rule search has been done.
#  Last modified 2021-02-14 09:43:09
#  File has been updated.
#  Successfully updated.
# variable set hash-table stats:
# Load=0/32=0%, Rehash=0, Collisions=0/0=0%

include/asm/root.h:
#  Implicit rule search has been done.
#  Last modified 2021-02-14 09:43:09
#  File has been updated.
#  Successfully updated.
# variable set hash-table stats:
# Load=0/32=0%, Rehash=0, Collisions=0/0=0%

include/lexer.h:
#  Implicit rule search has not been done.
#  Modification time never checked.
#  File has not been updated.

# Not a target:
obj/list.d:
#  A default, MAKEFILES, or -include/sinclude makefile.
#  Implicit rule search has been done.
#  Last modified 2021-12-31 09:00:01
#  File has been updated.
#  Successfully updated.
# variable set hash-table stats:
# Load=0/32=0%, Rehash=0, Collisions=0/0=0%

# Not a target:
src/lexer.c:
#  Implicit rule search has not been done.
#  Modification time never checked.
#  File has not been updated.

# Not a target:
obj/visitor.d:
#  A default, MAKEFILES, or -include/sinclude makefile.
#  Implicit rule search has been done.
#  Last modified 2021-12-31 09:00:01
#  File has been updated.
#  Successfully updated.
# variable set hash-table stats:
# Load=0/32=0%, Rehash=0, Collisions=0/0=0%

# Not a target:
.DEFAULT:
#  Implicit rule search has not been done.
#  Modification time never checked.
#  File has not been updated.

# Not a target:
obj/type.d:
#  A default, MAKEFILES, or -include/sinclude makefile.
#  Implicit rule search has been done.
#  Last modified 2021-12-31 09:00:01
#  File has been updated.
#  Successfully updated.
# variable set hash-table stats:
# Load=0/32=0%, Rehash=0, Collisions=0/0=0%

obj/token.o: src/token.c include/token.h
#  Implicit rule search has not been done.
#  Modification time never checked.
#  File has not been updated.

# Not a target:
obj/compiler_errors.d:
#  A default, MAKEFILES, or -include/sinclude makefile.
#  Implicit rule search has been done.
#  Last modified 2021-12-31 09:00:00
#  File has been updated.
#  Successfully updated.
# variable set hash-table stats:
# Load=0/32=0%, Rehash=0, Collisions=0/0=0%

include/asm/templates/access.h:
#  Implicit rule search has been done.
#  Last modified 2021-02-14 09:43:09
#  File has been updated.
#  Successfully updated.
# variable set hash-table stats:
# Load=0/32=0%, Rehash=0, Collisions=0/0=0%

obj/stack_frame.o: src/stack_frame.c include/stack_frame.h include/list.h
#  Implicit rule search has not been done.
#  Modification time never checked.
#  File has not been updated.

# Not a target:
src/token.c:
#  Implicit rule search has not been done.
#  Modification time never checked.
#  File has not been updated.

clean:
 
#  Phony target (prerequisite of .PHONY).
#  Implicit rule search has not been done.
#  File does not exist.
#  File has not been updated.
#  commands to execute (from `Makefile', line 27):
	@$(RM) -rv $(BIN_DIR) $(OBJ_DIR)
	

obj/utils.o: src/utils.c include/utils.h include/list.h include/macros.h
#  Implicit rule search has not been done.
#  Modification time never checked.
#  File has not been updated.

# Not a target:
obj/io.d:
#  A default, MAKEFILES, or -include/sinclude makefile.
#  Implicit rule search has been done.
#  Last modified 2021-12-31 09:00:00
#  File has been updated.
#  Successfully updated.
# variable set hash-table stats:
# Load=0/32=0%, Rehash=0, Collisions=0/0=0%

# Not a target:
obj/parser.d:
#  A default, MAKEFILES, or -include/sinclude makefile.
#  Implicit rule search has been done.
#  Last modified 2021-12-31 09:00:01
#  File has been updated.
#  Successfully updated.
# variable set hash-table stats:
# Load=0/32=0%, Rehash=0, Collisions=0/0=0%

obj/compiler.o: src/compiler.c include/tac.h
#  Implicit rule search has not been done.
#  Modification time never checked.
#  File has not been updated.

obj/as_frontend.o: src/as_frontend.c include/as_frontend.h include/ast.h include/list.h include/stack_frame.h include/types.h include/utils.h include/token.h include/macros.h include/asm/bootstrap.h include/asm/root.h include/asm/add.h include/asm/mul.h include/asm/div.h include/asm/sub.h include/asm/templates/assign_int.h include/asm/templates/assign_call.h include/asm/templates/assign_binop.h include/asm/templates/assign_default.h include/asm/templates/function_begin.h include/asm/templates/int.h include/asm/templates/access.h | obj
#  Implicit rule search has been done.
#  Implicit/static pattern stem: `as_frontend'
#  Last modified 2021-12-31 09:00:00
#  File has been updated.
#  Needs to be updated (-q is set).
# automatic
# @ := obj/as_frontend.o
# automatic
# % := 
# automatic
# * := as_frontend
# automatic
# + := src/as_frontend.c src/as_frontend.c include/as_frontend.h include/ast.h include/list.h include/stack_frame.h include/types.h include/utils.h include/token.h include/macros.h include/asm/bootstrap.h include/asm/root.h include/asm/add.h include/asm/mul.h include/asm/div.h include/asm/sub.h include/asm/templates/assign_int.h include/asm/templates/assign_call.h include/asm/templates/assign_binop.h include/asm/templates/assign_default.h include/asm/templates/function_begin.h include/asm/templates/int.h include/asm/templates/access.h
# automatic
# | := obj
# automatic
# < := src/as_frontend.c
# automatic
# ^ := src/as_frontend.c include/as_frontend.h include/ast.h include/list.h include/stack_frame.h include/types.h include/utils.h include/token.h include/macros.h include/asm/bootstrap.h include/asm/root.h include/asm/add.h include/asm/mul.h include/asm/div.h include/asm/sub.h include/asm/templates/assign_int.h include/asm/templates/assign_call.h include/asm/templates/assign_binop.h include/asm/templates/assign_default.h include/asm/templates/function_begin.h include/asm/templates/int.h include/asm/templates/access.h
# automatic
# ? := src/as_frontend.c
# variable set hash-table stats:
# Load=8/32=25%, Rehash=0, Collisions=1/15=7%
#  commands to execute (from `Makefile', line 21):
	$(CC) $(CPPFLAGS) $(CFLAGS) -c $< -o $@
	

include/asm/add.h:
#  Implicit rule search has been done.
#  Last modified 2021-02-14 09:43:09
#  File has been updated.
#  Successfully updated.
# variable set hash-table stats:
# Load=0/32=0%, Rehash=0, Collisions=0/0=0%

include/asm/templates/assign_int.h:
#  Implicit rule search has been done.
#  Last modified 2021-02-14 09:43:09
#  File has been updated.
#  Successfully updated.
# variable set hash-table stats:
# Load=0/32=0%, Rehash=0, Collisions=0/0=0%

include/token.h:
#  Implicit rule search has been done.
#  Last modified 2021-12-17 14:12:34
#  File has been updated.
#  Successfully updated.
# variable set hash-table stats:
# Load=0/32=0%, Rehash=0, Collisions=0/0=0%

obj/visitor.o: src/visitor.c include/visitor.h include/ast.h include/list.h include/stack_frame.h include/types.h include/compiler_errors.h include/utils.h
#  Implicit rule search has not been done.
#  Modification time never checked.
#  File has not been updated.
 

obj/type.o: src/type.c include/types.h
#  Implicit rule search has not been done.
#  Modification time never checked.
#  File has not been updated.

# Not a target:
obj/ast.d:
#  A default, MAKEFILES, or -include/sinclude makefile.
#  Implicit rule search has been done.
#  Last modified 2021-12-31 09:00:00
#  File has been updated.
#  Successfully updated.
# variable set hash-table stats:
# Load=0/32=0%, Rehash=0, Collisions=0/0=0%

include/stack_frame.h:
#  Implicit rule search has been done.
#  Last modified 2021-12-18 08:49:03
#  File has been updated.
#  Successfully updated.
# variable set hash-table stats:
# Load=0/32=0%, Rehash=0, Collisions=0/0=0%

# Not a target:
src/stack_frame.c:
#  Implicit rule search has not been done.
#  Modification time never checked.
#  File has not been updated.

obj/compiler_errors.o: src/compiler_errors.c include/compiler_errors.h include/ast.h include/list.h include/stack_frame.h include/types.h
#  Implicit rule search has not been done.
#  Modification time never checked.
#  File has not been updated.

include/utils.h:
#  Implicit rule search has been done.
#  Last modified 2021-12-18 09:03:16
#  File has been updated.
#  Successfully updated.
# variable set hash-table stats:
# Load=0/32=0%, Rehash=0, Collisions=0/0=0%

include/types.h:
#  Implicit rule search has been done.
#  Last modified 2021-12-17 21:02:06
#  File has been updated.
#  Successfully updated.
# variable set hash-table stats:
# Load=0/32=0%, Rehash=0, Collisions=0/0=0%

include/asm/div.h:
#  Implicit rule search has been done.
#  Last modified 2021-02-14 09:43:09
#  File has been updated.
#  Successfully updated.
# variable set hash-table stats:
# Load=0/32=0%, Rehash=0, Collisions=0/0=0%

# Not a target:
src/utils.c:
#  Implicit rule search has not been done.
#  Modification time never checked.
#  File has not been updated.

# Not a target:
obj/tac.d:
#  A default, MAKEFILES, or -include/sinclude makefile.
#  Implicit rule search has been done.
#  Last modified 2021-12-31 09:00:01
#  File has been updated.
#  Successfully updated.
# variable set hash-table stats:
# Load=0/32=0%, Rehash=0, Collisions=0/0=0%

compiler: obj/as_frontend.o obj/ast.o obj/compiler.o obj/compiler_errors.o obj/io.o obj/lexer.o obj/list.o obj/parser.o obj/stack_frame.o obj/tac.o obj/token.o obj/type.o obj/utils.o obj/visitor.o
#  Implicit rule search has not been done.
#  Last modified 2021-12-31 09:00:01
#  File has been updated.
#  Needs to be updated (-q is set).
# variable set hash-table stats:
# Load=0/32=0%, Rehash=0, Collisions=0/5=0%
#  commands to execute (from `Makefile', line 18):
	$(CC) $^ -o $@
	

# files hash-table stats:
# Load=77/1024=8%, Rehash=0, Collisions=11/254=4%
# VPATH Search Paths

# No `vpath' search paths.

# No general (`VPATH' variable) search path.

# # of strings in strcache: 15
# # of strcache buffers: 1
# strcache size: total = 4096 / max = 4096 / min = 4096 / avg = 4096
# strcache free: total = 3900 / max = 3900 / min = 3900 / avg = 3900

# Finished Make data base on Sun Jun 26 11:50:03 2022

 
